<?xml version="1.0" encoding="UTF-8"?>
<!-- Generated by org.testng.reporters.JUnitReportReporter -->
<testsuite skipped="0" hostname="Nitin" name="nitika.neimai.demo" tests="1" failures="0" timestamp="27 Oct 2017 16:55:39 GMT" time="0.000" errors="0">
  <testcase name="testing" time="0.000" classname="nitika.neimai.demo"/>
</testsuite> <!-- nitika.neimai.demo -->
