<?xml version="1.0" encoding="UTF-8"?>
<!-- Generated by org.testng.reporters.JUnitReportReporter -->
<testsuite skipped="0" hostname="Nitin" name="nitika.neimai.pleasure" tests="1" failures="0" timestamp="27 Oct 2017 16:55:39 GMT" time="0.008" errors="0">
  <testcase name="casse" time="0.008" classname="nitika.neimai.pleasure"/>
</testsuite> <!-- nitika.neimai.pleasure -->
